<?xml version="1.0" encoding="UTF-8"?>
<testng-results ignored="0" total="11" passed="9" failed="2" skipped="0">
  <reporter-output>
  </reporter-output>
  <suite started-at="2021-11-21T02:18:31 IST" name="Suite" finished-at="2021-11-21T02:21:02 IST" duration-ms="151388">
    <groups>
    </groups>
    <test started-at="2021-11-21T02:18:31 IST" name="Test" finished-at="2021-11-21T02:21:02 IST" duration-ms="151388">
      <class name="com.mindtree.runner.BigSmall">
        <test-method is-config="true" signature="BeforeTest()[pri:0, instance:com.mindtree.runner.BigSmall@37d80fe7]" started-at="2021-11-21T02:18:31 IST" name="BeforeTest" finished-at="2021-11-21T02:18:36 IST" duration-ms="5131" status="PASS">
          <reporter-output>
          </reporter-output>
        </test-method> <!-- BeforeTest -->
        <test-method signature="homePage()[pri:1, instance:com.mindtree.runner.BigSmall@37d80fe7]" started-at="2021-11-21T02:18:36 IST" name="homePage" finished-at="2021-11-21T02:18:36 IST" duration-ms="450" status="PASS">
          <reporter-output>
          </reporter-output>
        </test-method> <!-- homePage -->
        <test-method is-config="true" signature="teardown()[pri:0, instance:com.mindtree.runner.BigSmall@37d80fe7]" started-at="2021-11-21T02:18:37 IST" name="teardown" finished-at="2021-11-21T02:18:41 IST" duration-ms="4141" status="PASS">
          <reporter-output>
          </reporter-output>
        </test-method> <!-- teardown -->
        <test-method is-config="true" signature="BeforeTest()[pri:0, instance:com.mindtree.runner.BigSmall@37d80fe7]" started-at="2021-11-21T02:18:41 IST" name="BeforeTest" finished-at="2021-11-21T02:18:45 IST" duration-ms="4330" status="PASS">
          <reporter-output>
          </reporter-output>
        </test-method> <!-- BeforeTest -->
        <test-method signature="SearchItem()[pri:2, instance:com.mindtree.runner.BigSmall@37d80fe7]" started-at="2021-11-21T02:18:45 IST" name="SearchItem" finished-at="2021-11-21T02:18:52 IST" duration-ms="6865" status="PASS">
          <reporter-output>
          </reporter-output>
        </test-method> <!-- SearchItem -->
        <test-method is-config="true" signature="teardown()[pri:0, instance:com.mindtree.runner.BigSmall@37d80fe7]" started-at="2021-11-21T02:18:53 IST" name="teardown" finished-at="2021-11-21T02:18:53 IST" duration-ms="110" status="PASS">
          <reporter-output>
          </reporter-output>
        </test-method> <!-- teardown -->
        <test-method is-config="true" signature="BeforeTest()[pri:0, instance:com.mindtree.runner.BigSmall@37d80fe7]" started-at="2021-11-21T02:18:53 IST" name="BeforeTest" finished-at="2021-11-21T02:18:57 IST" duration-ms="4423" status="PASS">
          <reporter-output>
          </reporter-output>
        </test-method> <!-- BeforeTest -->
        <test-method signature="GiftCard()[pri:3, instance:com.mindtree.runner.BigSmall@37d80fe7]" started-at="2021-11-21T02:18:57 IST" name="GiftCard" finished-at="2021-11-21T02:19:01 IST" duration-ms="3960" status="PASS">
          <reporter-output>
          </reporter-output>
        </test-method> <!-- GiftCard -->
        <test-method is-config="true" signature="teardown()[pri:0, instance:com.mindtree.runner.BigSmall@37d80fe7]" started-at="2021-11-21T02:19:01 IST" name="teardown" finished-at="2021-11-21T02:19:06 IST" duration-ms="4148" status="PASS">
          <reporter-output>
          </reporter-output>
        </test-method> <!-- teardown -->
        <test-method is-config="true" signature="BeforeTest()[pri:0, instance:com.mindtree.runner.BigSmall@37d80fe7]" started-at="2021-11-21T02:19:06 IST" name="BeforeTest" finished-at="2021-11-21T02:19:10 IST" duration-ms="4239" status="PASS">
          <reporter-output>
          </reporter-output>
        </test-method> <!-- BeforeTest -->
        <test-method signature="OfficialMerch()[pri:4, instance:com.mindtree.runner.BigSmall@37d80fe7]" started-at="2021-11-21T02:19:10 IST" name="OfficialMerch" finished-at="2021-11-21T02:19:17 IST" duration-ms="7460" status="PASS">
          <reporter-output>
          </reporter-output>
        </test-method> <!-- OfficialMerch -->
        <test-method is-config="true" signature="teardown()[pri:0, instance:com.mindtree.runner.BigSmall@37d80fe7]" started-at="2021-11-21T02:19:18 IST" name="teardown" finished-at="2021-11-21T02:19:18 IST" duration-ms="153" status="PASS">
          <reporter-output>
          </reporter-output>
        </test-method> <!-- teardown -->
        <test-method is-config="true" signature="BeforeTest()[pri:0, instance:com.mindtree.runner.BigSmall@37d80fe7]" started-at="2021-11-21T02:19:18 IST" name="BeforeTest" finished-at="2021-11-21T02:19:22 IST" duration-ms="4031" status="PASS">
          <reporter-output>
          </reporter-output>
        </test-method> <!-- BeforeTest -->
        <test-method signature="Wishlist()[pri:5, instance:com.mindtree.runner.BigSmall@37d80fe7]" started-at="2021-11-21T02:19:22 IST" name="Wishlist" finished-at="2021-11-21T02:19:32 IST" duration-ms="9900" status="PASS">
          <reporter-output>
          </reporter-output>
        </test-method> <!-- Wishlist -->
        <test-method is-config="true" signature="teardown()[pri:0, instance:com.mindtree.runner.BigSmall@37d80fe7]" started-at="2021-11-21T02:19:32 IST" name="teardown" finished-at="2021-11-21T02:19:36 IST" duration-ms="4122" status="PASS">
          <reporter-output>
          </reporter-output>
        </test-method> <!-- teardown -->
        <test-method is-config="true" signature="BeforeTest()[pri:0, instance:com.mindtree.runner.BigSmall@37d80fe7]" started-at="2021-11-21T02:19:36 IST" name="BeforeTest" finished-at="2021-11-21T02:19:41 IST" duration-ms="4272" status="PASS">
          <reporter-output>
          </reporter-output>
        </test-method> <!-- BeforeTest -->
        <test-method signature="ContactUs(java.lang.String,java.lang.String,java.lang.String)[pri:6, instance:com.mindtree.runner.BigSmall@37d80fe7]" started-at="2021-11-21T02:19:41 IST" name="ContactUs" data-provider="data" finished-at="2021-11-21T02:19:52 IST" duration-ms="11475" status="PASS">
          <params>
            <param index="0">
              <value>
                <![CDATA[testman]]>
              </value>
            </param>
            <param index="1">
              <value>
                <![CDATA[testman@gmail.com]]>
              </value>
            </param>
            <param index="2">
              <value>
                <![CDATA[Beautiful Website]]>
              </value>
            </param>
          </params>
          <reporter-output>
          </reporter-output>
        </test-method> <!-- ContactUs -->
        <test-method is-config="true" signature="teardown()[pri:0, instance:com.mindtree.runner.BigSmall@37d80fe7]" started-at="2021-11-21T02:19:52 IST" name="teardown" finished-at="2021-11-21T02:19:56 IST" duration-ms="4190" status="PASS">
          <reporter-output>
          </reporter-output>
        </test-method> <!-- teardown -->
        <test-method is-config="true" signature="BeforeTest()[pri:0, instance:com.mindtree.runner.BigSmall@37d80fe7]" started-at="2021-11-21T02:19:56 IST" name="BeforeTest" finished-at="2021-11-21T02:20:01 IST" duration-ms="4137" status="PASS">
          <reporter-output>
          </reporter-output>
        </test-method> <!-- BeforeTest -->
        <test-method signature="AllofIt()[pri:7, instance:com.mindtree.runner.BigSmall@37d80fe7]" started-at="2021-11-21T02:20:01 IST" name="AllofIt" finished-at="2021-11-21T02:20:06 IST" duration-ms="5200" status="PASS">
          <reporter-output>
          </reporter-output>
        </test-method> <!-- AllofIt -->
        <test-method is-config="true" signature="teardown()[pri:0, instance:com.mindtree.runner.BigSmall@37d80fe7]" started-at="2021-11-21T02:20:06 IST" name="teardown" finished-at="2021-11-21T02:20:06 IST" duration-ms="74" status="PASS">
          <reporter-output>
          </reporter-output>
        </test-method> <!-- teardown -->
        <test-method is-config="true" signature="BeforeTest()[pri:0, instance:com.mindtree.runner.BigSmall@37d80fe7]" started-at="2021-11-21T02:20:06 IST" name="BeforeTest" finished-at="2021-11-21T02:20:10 IST" duration-ms="4012" status="PASS">
          <reporter-output>
          </reporter-output>
        </test-method> <!-- BeforeTest -->
        <test-method signature="sortItem()[pri:8, instance:com.mindtree.runner.BigSmall@37d80fe7]" started-at="2021-11-21T02:20:10 IST" name="sortItem" finished-at="2021-11-21T02:20:16 IST" duration-ms="5336" status="PASS">
          <reporter-output>
          </reporter-output>
        </test-method> <!-- sortItem -->
        <test-method is-config="true" signature="teardown()[pri:0, instance:com.mindtree.runner.BigSmall@37d80fe7]" started-at="2021-11-21T02:20:16 IST" name="teardown" finished-at="2021-11-21T02:20:20 IST" duration-ms="4146" status="PASS">
          <reporter-output>
          </reporter-output>
        </test-method> <!-- teardown -->
        <test-method is-config="true" signature="BeforeTest()[pri:0, instance:com.mindtree.runner.BigSmall@37d80fe7]" started-at="2021-11-21T02:20:20 IST" name="BeforeTest" finished-at="2021-11-21T02:20:25 IST" duration-ms="4370" status="PASS">
          <reporter-output>
          </reporter-output>
        </test-method> <!-- BeforeTest -->
        <test-method signature="AddtoCart()[pri:9, instance:com.mindtree.runner.BigSmall@37d80fe7]" started-at="2021-11-21T02:20:25 IST" name="AddtoCart" finished-at="2021-11-21T02:20:34 IST" duration-ms="9113" status="PASS">
          <reporter-output>
          </reporter-output>
        </test-method> <!-- AddtoCart -->
        <test-method is-config="true" signature="teardown()[pri:0, instance:com.mindtree.runner.BigSmall@37d80fe7]" started-at="2021-11-21T02:20:34 IST" name="teardown" finished-at="2021-11-21T02:20:34 IST" duration-ms="113" status="PASS">
          <reporter-output>
          </reporter-output>
        </test-method> <!-- teardown -->
        <test-method is-config="true" signature="BeforeTest()[pri:0, instance:com.mindtree.runner.BigSmall@37d80fe7]" started-at="2021-11-21T02:20:34 IST" name="BeforeTest" finished-at="2021-11-21T02:20:38 IST" duration-ms="4167" status="PASS">
          <reporter-output>
          </reporter-output>
        </test-method> <!-- BeforeTest -->
        <test-method signature="loginTest()[pri:10, instance:com.mindtree.runner.BigSmall@37d80fe7]" started-at="2021-11-21T02:20:38 IST" name="loginTest" finished-at="2021-11-21T02:20:50 IST" duration-ms="11787" status="FAIL">
          <exception class="org.openqa.selenium.NoSuchElementException">
            <message>
              <![CDATA[no such element: Unable to locate element: {"method":"css selector","selector":"#customer_logout_link"}
  (Session info: chrome=96.0.4664.45)
For documentation on this error, please visit: https://www.seleniumhq.org/exceptions/no_such_element.html
Build info: version: '3.141.59', revision: 'e82be7d358', time: '2018-11-14T08:25:53'
System info: host: 'DESKTOP-EVUMI0M', ip: '192.168.56.1', os.name: 'Windows 10', os.arch: 'amd64', os.version: '10.0', java.version: '11.0.11'
Driver info: org.openqa.selenium.chrome.ChromeDriver
Capabilities {acceptInsecureCerts: false, browserName: chrome, browserVersion: 96.0.4664.45, chrome: {chromedriverVersion: 96.0.4664.45 (76e4c1bb2ab46..., userDataDir: C:\Users\Hp\AppData\Local\T...}, goog:chromeOptions: {debuggerAddress: localhost:50114}, javascriptEnabled: true, networkConnectionEnabled: false, pageLoadStrategy: normal, platform: WINDOWS, platformName: WINDOWS, proxy: Proxy(), setWindowRect: true, strictFileInteractability: false, timeouts: {implicit: 0, pageLoad: 300000, script: 30000}, unhandledPromptBehavior: dismiss and notify, webauthn:extension:credBlob: true, webauthn:extension:largeBlob: true, webauthn:virtualAuthenticators: true}
Session ID: 7283d1ec33704a388414423c301dfeec
*** Element info: {Using=id, value=customer_logout_link}]]>
            </message>
            <full-stacktrace>
              <![CDATA[org.openqa.selenium.NoSuchElementException: no such element: Unable to locate element: {"method":"css selector","selector":"#customer_logout_link"}
  (Session info: chrome=96.0.4664.45)
For documentation on this error, please visit: https://www.seleniumhq.org/exceptions/no_such_element.html
Build info: version: '3.141.59', revision: 'e82be7d358', time: '2018-11-14T08:25:53'
System info: host: 'DESKTOP-EVUMI0M', ip: '192.168.56.1', os.name: 'Windows 10', os.arch: 'amd64', os.version: '10.0', java.version: '11.0.11'
Driver info: org.openqa.selenium.chrome.ChromeDriver
Capabilities {acceptInsecureCerts: false, browserName: chrome, browserVersion: 96.0.4664.45, chrome: {chromedriverVersion: 96.0.4664.45 (76e4c1bb2ab46..., userDataDir: C:\Users\Hp\AppData\Local\T...}, goog:chromeOptions: {debuggerAddress: localhost:50114}, javascriptEnabled: true, networkConnectionEnabled: false, pageLoadStrategy: normal, platform: WINDOWS, platformName: WINDOWS, proxy: Proxy(), setWindowRect: true, strictFileInteractability: false, timeouts: {implicit: 0, pageLoad: 300000, script: 30000}, unhandledPromptBehavior: dismiss and notify, webauthn:extension:credBlob: true, webauthn:extension:largeBlob: true, webauthn:virtualAuthenticators: true}
Session ID: 7283d1ec33704a388414423c301dfeec
*** Element info: {Using=id, value=customer_logout_link}
at java.base/jdk.internal.reflect.NativeConstructorAccessorImpl.newInstance0(Native Method)
at java.base/jdk.internal.reflect.NativeConstructorAccessorImpl.newInstance(NativeConstructorAccessorImpl.java:62)
at java.base/jdk.internal.reflect.DelegatingConstructorAccessorImpl.newInstance(DelegatingConstructorAccessorImpl.java:45)
at java.base/java.lang.reflect.Constructor.newInstance(Constructor.java:490)
at org.openqa.selenium.remote.http.W3CHttpResponseCodec.createException(W3CHttpResponseCodec.java:187)
at org.openqa.selenium.remote.http.W3CHttpResponseCodec.decode(W3CHttpResponseCodec.java:122)
at org.openqa.selenium.remote.http.W3CHttpResponseCodec.decode(W3CHttpResponseCodec.java:49)
at org.openqa.selenium.remote.HttpCommandExecutor.execute(HttpCommandExecutor.java:158)
at org.openqa.selenium.remote.service.DriverCommandExecutor.execute(DriverCommandExecutor.java:83)
at org.openqa.selenium.remote.RemoteWebDriver.execute(RemoteWebDriver.java:552)
at org.openqa.selenium.remote.RemoteWebDriver.findElement(RemoteWebDriver.java:323)
at org.openqa.selenium.remote.RemoteWebDriver.findElementById(RemoteWebDriver.java:372)
at org.openqa.selenium.By$ById.findElement(By.java:188)
at org.openqa.selenium.remote.RemoteWebDriver.findElement(RemoteWebDriver.java:315)
at com.mindtree.pageobjects.Login.getMyAccount(Login.java:36)
at com.mindtree.runner.BigSmall.loginTest(BigSmall.java:138)
at java.base/jdk.internal.reflect.NativeMethodAccessorImpl.invoke0(Native Method)
at java.base/jdk.internal.reflect.NativeMethodAccessorImpl.invoke(NativeMethodAccessorImpl.java:62)
at java.base/jdk.internal.reflect.DelegatingMethodAccessorImpl.invoke(DelegatingMethodAccessorImpl.java:43)
at java.base/java.lang.reflect.Method.invoke(Method.java:566)
at org.testng.internal.MethodInvocationHelper.invokeMethod(MethodInvocationHelper.java:133)
at org.testng.internal.TestInvoker.invokeMethod(TestInvoker.java:598)
at org.testng.internal.TestInvoker.invokeTestMethod(TestInvoker.java:173)
at org.testng.internal.MethodRunner.runInSequence(MethodRunner.java:46)
at org.testng.internal.TestInvoker$MethodInvocationAgent.invoke(TestInvoker.java:824)
at org.testng.internal.TestInvoker.invokeTestMethods(TestInvoker.java:146)
at org.testng.internal.TestMethodWorker.invokeTestMethods(TestMethodWorker.java:146)
at org.testng.internal.TestMethodWorker.run(TestMethodWorker.java:128)
at java.base/java.util.ArrayList.forEach(ArrayList.java:1541)
at org.testng.TestRunner.privateRun(TestRunner.java:794)
at org.testng.TestRunner.run(TestRunner.java:596)
at org.testng.SuiteRunner.runTest(SuiteRunner.java:377)
at org.testng.SuiteRunner.runSequentially(SuiteRunner.java:371)
at org.testng.SuiteRunner.privateRun(SuiteRunner.java:332)
at org.testng.SuiteRunner.run(SuiteRunner.java:276)
at org.testng.SuiteRunnerWorker.runSuite(SuiteRunnerWorker.java:53)
at org.testng.SuiteRunnerWorker.run(SuiteRunnerWorker.java:96)
at org.testng.TestNG.runSuitesSequentially(TestNG.java:1212)
at org.testng.TestNG.runSuitesLocally(TestNG.java:1134)
at org.testng.TestNG.runSuites(TestNG.java:1063)
at org.testng.TestNG.run(TestNG.java:1031)
at org.testng.remote.AbstractRemoteTestNG.run(AbstractRemoteTestNG.java:115)
at org.testng.remote.RemoteTestNG.initAndRun(RemoteTestNG.java:251)
at org.testng.remote.RemoteTestNG.main(RemoteTestNG.java:77)
]]>
            </full-stacktrace>
          </exception> <!-- org.openqa.selenium.NoSuchElementException -->
          <reporter-output>
          </reporter-output>
        </test-method> <!-- loginTest -->
        <test-method is-config="true" signature="teardown()[pri:0, instance:com.mindtree.runner.BigSmall@37d80fe7]" started-at="2021-11-21T02:20:50 IST" name="teardown" finished-at="2021-11-21T02:20:50 IST" duration-ms="124" status="PASS">
          <reporter-output>
          </reporter-output>
        </test-method> <!-- teardown -->
        <test-method is-config="true" signature="BeforeTest()[pri:0, instance:com.mindtree.runner.BigSmall@37d80fe7]" started-at="2021-11-21T02:20:50 IST" name="BeforeTest" finished-at="2021-11-21T02:20:54 IST" duration-ms="4152" status="PASS">
          <reporter-output>
          </reporter-output>
        </test-method> <!-- BeforeTest -->
        <test-method signature="signupNewsLetter()[pri:11, instance:com.mindtree.runner.BigSmall@37d80fe7]" started-at="2021-11-21T02:20:54 IST" name="signupNewsLetter" finished-at="2021-11-21T02:20:58 IST" duration-ms="3096" status="FAIL">
          <exception class="java.lang.AssertionError">
            <message>
              <![CDATA[expected [Newsletter] but found [404: Page Not Found | Mailchimp]]]>
            </message>
            <full-stacktrace>
              <![CDATA[java.lang.AssertionError: expected [Newsletter] but found [404: Page Not Found | Mailchimp]
at org.testng.Assert.fail(Assert.java:99)
at org.testng.Assert.failNotEquals(Assert.java:1037)
at org.testng.Assert.assertEqualsImpl(Assert.java:140)
at org.testng.Assert.assertEquals(Assert.java:122)
at org.testng.Assert.assertEquals(Assert.java:629)
at org.testng.Assert.assertEquals(Assert.java:639)
at com.mindtree.runner.BigSmall.signupNewsLetter(BigSmall.java:443)
at java.base/jdk.internal.reflect.NativeMethodAccessorImpl.invoke0(Native Method)
at java.base/jdk.internal.reflect.NativeMethodAccessorImpl.invoke(NativeMethodAccessorImpl.java:62)
at java.base/jdk.internal.reflect.DelegatingMethodAccessorImpl.invoke(DelegatingMethodAccessorImpl.java:43)
at java.base/java.lang.reflect.Method.invoke(Method.java:566)
at org.testng.internal.MethodInvocationHelper.invokeMethod(MethodInvocationHelper.java:133)
at org.testng.internal.TestInvoker.invokeMethod(TestInvoker.java:598)
at org.testng.internal.TestInvoker.invokeTestMethod(TestInvoker.java:173)
at org.testng.internal.MethodRunner.runInSequence(MethodRunner.java:46)
at org.testng.internal.TestInvoker$MethodInvocationAgent.invoke(TestInvoker.java:824)
at org.testng.internal.TestInvoker.invokeTestMethods(TestInvoker.java:146)
at org.testng.internal.TestMethodWorker.invokeTestMethods(TestMethodWorker.java:146)
at org.testng.internal.TestMethodWorker.run(TestMethodWorker.java:128)
at java.base/java.util.ArrayList.forEach(ArrayList.java:1541)
at org.testng.TestRunner.privateRun(TestRunner.java:794)
at org.testng.TestRunner.run(TestRunner.java:596)
at org.testng.SuiteRunner.runTest(SuiteRunner.java:377)
at org.testng.SuiteRunner.runSequentially(SuiteRunner.java:371)
at org.testng.SuiteRunner.privateRun(SuiteRunner.java:332)
at org.testng.SuiteRunner.run(SuiteRunner.java:276)
at org.testng.SuiteRunnerWorker.runSuite(SuiteRunnerWorker.java:53)
at org.testng.SuiteRunnerWorker.run(SuiteRunnerWorker.java:96)
at org.testng.TestNG.runSuitesSequentially(TestNG.java:1212)
at org.testng.TestNG.runSuitesLocally(TestNG.java:1134)
at org.testng.TestNG.runSuites(TestNG.java:1063)
at org.testng.TestNG.run(TestNG.java:1031)
at org.testng.remote.AbstractRemoteTestNG.run(AbstractRemoteTestNG.java:115)
at org.testng.remote.RemoteTestNG.initAndRun(RemoteTestNG.java:251)
at org.testng.remote.RemoteTestNG.main(RemoteTestNG.java:77)
]]>
            </full-stacktrace>
          </exception> <!-- java.lang.AssertionError -->
          <reporter-output>
          </reporter-output>
        </test-method> <!-- signupNewsLetter -->
        <test-method is-config="true" signature="teardown()[pri:0, instance:com.mindtree.runner.BigSmall@37d80fe7]" started-at="2021-11-21T02:20:58 IST" name="teardown" finished-at="2021-11-21T02:21:02 IST" duration-ms="4166" status="PASS">
          <reporter-output>
          </reporter-output>
        </test-method> <!-- teardown -->
      </class> <!-- com.mindtree.runner.BigSmall -->
    </test> <!-- Test -->
  </suite> <!-- Suite -->
</testng-results>
